<?xml version="1.0" encoding="UTF-8"?>
<!-- Generated by org.testng.reporters.JUnitReportReporter -->
<testsuite skipped="0" hostname="DELL-PC" name="excelDriven.ExcelDrivenTC02" tests="1" failures="0" timestamp="2020-04-21T18:19:31 IST" time="4.490" errors="0">
  <testcase name="tc02" time="4.490" classname="excelDriven.ExcelDrivenTC02"/>
</testsuite> <!-- excelDriven.ExcelDrivenTC02 -->
