<?xml version="1.0" encoding="UTF-8"?>
<!-- Generated by org.testng.reporters.JUnitReportReporter -->
<testsuite skipped="0" hostname="DELL-PC" name="excelDriven.ExcelDrivenTC01" tests="1" failures="0" timestamp="2020-04-21T16:02:23 IST" time="4.714" errors="0">
  <testcase name="tc01" time="4.714" classname="excelDriven.ExcelDrivenTC01"/>
</testsuite> <!-- excelDriven.ExcelDrivenTC01 -->
