<?xml version="1.0" encoding="UTF-8"?>
<!-- Generated by org.testng.reporters.JUnitReportReporter -->
<testsuite skipped="0" hostname="DELL-PC" name="excelDriven.TC03" tests="1" failures="0" timestamp="2020-04-21T16:23:21 IST" time="3.261" errors="0">
  <testcase name="tc03" time="3.261" classname="excelDriven.TC03"/>
</testsuite> <!-- excelDriven.TC03 -->
